C:\gh\azure-sdk-for-net\sdk\storage\Azure.Storage.Common\tests\Shared\AssemblyInfo.cs(7,12): error CS0246: The type or namespace name 'LiveParallelizableAttribute' could not be found (are you missing a using directive or an assembly reference?)
C:\gh\azure-sdk-for-net\sdk\storage\Azure.Storage.Common\tests\Shared\AssemblyInfo.cs(7,12): error CS0246: The type or namespace name 'LiveParallelizable' could not be found (are you missing a using directive or an assembly reference?)
C:\gh\azure-sdk-for-net\sdk\storage\Azure.Storage.Blobs\tests\AppendBlobClientTests.cs(132,80): error CS0246: The type or namespace name 'AzureSasCredential' could not be found (are you missing a using directive or an assembly reference?)
C:\gh\azure-sdk-for-net\sdk\storage\Azure.Storage.Blobs\tests\AppendBlobClientTests.cs(132,67): error CS1503: Argument 1: cannot convert from 'System.Uri' to 'string'
C:\gh\azure-sdk-for-net\sdk\storage\Azure.Storage.Blobs\tests\AppendBlobClientTests.cs(132,105): error CS1503: Argument 3: cannot convert from 'Azure.Storage.Blobs.BlobClientOptions' to 'string'
C:\gh\azure-sdk-for-net\sdk\storage\Azure.Storage.Blobs\tests\AppendBlobClientTests.cs(150,57): error CS0246: The type or namespace name 'AzureSasCredential' could not be found (are you missing a using directive or an assembly reference?)
C:\gh\azure-sdk-for-net\sdk\storage\Azure.Storage.Blobs\tests\AppendBlobClientTests.cs(151,66): error CS0103: The name 'AzureSasCredential' does not exist in the current context
C:\gh\azure-sdk-for-net\sdk\storage\Azure.Storage.Blobs\tests\BlobClientTests.cs(154,74): error CS0246: The type or namespace name 'AzureSasCredential' could not be found (are you missing a using directive or an assembly reference?)
C:\gh\azure-sdk-for-net\sdk\storage\Azure.Storage.Blobs\tests\BlobClientTests.cs(154,61): error CS1503: Argument 1: cannot convert from 'System.Uri' to 'string'
C:\gh\azure-sdk-for-net\sdk\storage\Azure.Storage.Blobs\tests\BlobClientTests.cs(154,99): error CS1503: Argument 3: cannot convert from 'Azure.Storage.Blobs.BlobClientOptions' to 'string'
C:\gh\azure-sdk-for-net\sdk\storage\Azure.Storage.Blobs\tests\ServiceClientTests.cs(132,77): error CS0246: The type or namespace name 'AzureSasCredential' could not be found (are you missing a using directive or an assembly reference?)
C:\gh\azure-sdk-for-net\sdk\storage\Azure.Storage.Blobs\tests\BlobClientTests.cs(172,51): error CS0246: The type or namespace name 'AzureSasCredential' could not be found (are you missing a using directive or an assembly reference?)
C:\gh\azure-sdk-for-net\sdk\storage\Azure.Storage.Blobs\tests\BlobClientTests.cs(173,66): error CS0103: The name 'AzureSasCredential' does not exist in the current context
C:\gh\azure-sdk-for-net\sdk\storage\Azure.Storage.Blobs\tests\ServiceClientTests.cs(150,54): error CS0246: The type or namespace name 'AzureSasCredential' could not be found (are you missing a using directive or an assembly reference?)
C:\gh\azure-sdk-for-net\sdk\storage\Azure.Storage.Blobs\tests\ServiceClientTests.cs(150,45): error CS1503: Argument 1: cannot convert from 'System.Uri' to 'string'
C:\gh\azure-sdk-for-net\sdk\storage\Azure.Storage.Blobs\tests\ServiceClientTests.cs(151,66): error CS0103: The name 'AzureSasCredential' does not exist in the current context
C:\gh\azure-sdk-for-net\sdk\storage\Azure.Storage.Blobs\tests\BlobBaseClientTests.cs(189,78): error CS0246: The type or namespace name 'AzureSasCredential' could not be found (are you missing a using directive or an assembly reference?)
C:\gh\azure-sdk-for-net\sdk\storage\Azure.Storage.Blobs\tests\BlobBaseClientTests.cs(189,65): error CS1503: Argument 1: cannot convert from 'System.Uri' to 'string'
C:\gh\azure-sdk-for-net\sdk\storage\Azure.Storage.Blobs\tests\BlobBaseClientTests.cs(189,103): error CS1503: Argument 3: cannot convert from 'Azure.Storage.Blobs.BlobClientOptions' to 'string'
C:\gh\azure-sdk-for-net\sdk\storage\Azure.Storage.Blobs\tests\BlockBlobClientTests.cs(138,79): error CS0246: The type or namespace name 'AzureSasCredential' could not be found (are you missing a using directive or an assembly reference?)
C:\gh\azure-sdk-for-net\sdk\storage\Azure.Storage.Blobs\tests\BlockBlobClientTests.cs(138,66): error CS1503: Argument 1: cannot convert from 'System.Uri' to 'string'
C:\gh\azure-sdk-for-net\sdk\storage\Azure.Storage.Blobs\tests\BlockBlobClientTests.cs(138,104): error CS1503: Argument 3: cannot convert from 'Azure.Storage.Blobs.BlobClientOptions' to 'string'
C:\gh\azure-sdk-for-net\sdk\storage\Azure.Storage.Blobs\tests\BlockBlobClientTests.cs(156,56): error CS0246: The type or namespace name 'AzureSasCredential' could not be found (are you missing a using directive or an assembly reference?)
C:\gh\azure-sdk-for-net\sdk\storage\Azure.Storage.Blobs\tests\BlockBlobClientTests.cs(157,66): error CS0103: The name 'AzureSasCredential' does not exist in the current context
C:\gh\azure-sdk-for-net\sdk\storage\Azure.Storage.Blobs\tests\BlobBaseClientTests.cs(216,78): error CS0246: The type or namespace name 'AzureSasCredential' could not be found (are you missing a using directive or an assembly reference?)
C:\gh\azure-sdk-for-net\sdk\storage\Azure.Storage.Blobs\tests\BlobBaseClientTests.cs(216,65): error CS1503: Argument 1: cannot convert from 'System.Uri' to 'string'
C:\gh\azure-sdk-for-net\sdk\storage\Azure.Storage.Blobs\tests\BlobBaseClientTests.cs(216,103): error CS1503: Argument 3: cannot convert from 'Azure.Storage.Blobs.BlobClientOptions' to 'string'
C:\gh\azure-sdk-for-net\sdk\storage\Azure.Storage.Blobs\tests\BlobBaseClientTests.cs(234,55): error CS0246: The type or namespace name 'AzureSasCredential' could not be found (are you missing a using directive or an assembly reference?)
C:\gh\azure-sdk-for-net\sdk\storage\Azure.Storage.Blobs\tests\BlobBaseClientTests.cs(235,66): error CS0103: The name 'AzureSasCredential' does not exist in the current context
C:\gh\azure-sdk-for-net\sdk\storage\Azure.Storage.Blobs\tests\ContainerClientTests.cs(306,79): error CS0246: The type or namespace name 'AzureSasCredential' could not be found (are you missing a using directive or an assembly reference?)
C:\gh\azure-sdk-for-net\sdk\storage\Azure.Storage.Blobs\tests\ContainerClientTests.cs(306,70): error CS1503: Argument 1: cannot convert from 'System.Uri' to 'string'
C:\gh\azure-sdk-for-net\sdk\storage\Azure.Storage.Blobs\tests\PageBlobClientTests.cs(123,78): error CS0246: The type or namespace name 'AzureSasCredential' could not be found (are you missing a using directive or an assembly reference?)
C:\gh\azure-sdk-for-net\sdk\storage\Azure.Storage.Blobs\tests\PageBlobClientTests.cs(123,65): error CS1503: Argument 1: cannot convert from 'System.Uri' to 'string'
C:\gh\azure-sdk-for-net\sdk\storage\Azure.Storage.Blobs\tests\PageBlobClientTests.cs(123,103): error CS1503: Argument 3: cannot convert from 'Azure.Storage.Blobs.BlobClientOptions' to 'string'
C:\gh\azure-sdk-for-net\sdk\storage\Azure.Storage.Blobs\tests\ContainerClientTests.cs(324,56): error CS0246: The type or namespace name 'AzureSasCredential' could not be found (are you missing a using directive or an assembly reference?)
C:\gh\azure-sdk-for-net\sdk\storage\Azure.Storage.Blobs\tests\ContainerClientTests.cs(324,47): error CS1503: Argument 1: cannot convert from 'System.Uri' to 'string'
C:\gh\azure-sdk-for-net\sdk\storage\Azure.Storage.Blobs\tests\ContainerClientTests.cs(325,66): error CS0103: The name 'AzureSasCredential' does not exist in the current context
C:\gh\azure-sdk-for-net\sdk\storage\Azure.Storage.Blobs\tests\PageBlobClientTests.cs(141,55): error CS0246: The type or namespace name 'AzureSasCredential' could not be found (are you missing a using directive or an assembly reference?)
C:\gh\azure-sdk-for-net\sdk\storage\Azure.Storage.Blobs\tests\PageBlobClientTests.cs(142,66): error CS0103: The name 'AzureSasCredential' does not exist in the current context
C:\gh\azure-sdk-for-net\sdk\storage\Azure.Storage.Blobs\tests\BlobQuickQueryStreamTests.cs(7,1): hidden CS8019: Unnecessary using directive.
C:\gh\azure-sdk-for-net\sdk\storage\Azure.Storage.Common\tests\Shared\KeyVaultConfiguration.cs(6,1): hidden CS8019: Unnecessary using directive.
C:\gh\azure-sdk-for-net\sdk\storage\Azure.Storage.Common\tests\Shared\StorageTestBase.cs(6,1): hidden CS8019: Unnecessary using directive.
C:\gh\azure-sdk-for-net\sdk\storage\Azure.Storage.Blobs\tests\AppendBlobClientTests.cs(11,1): hidden CS8019: Unnecessary using directive.
C:\gh\azure-sdk-for-net\sdk\storage\Azure.Storage.Blobs\tests\BlobTestBase.cs(11,1): hidden CS8019: Unnecessary using directive.
C:\gh\azure-sdk-for-net\artifacts\obj\Azure.Storage.Blobs.Tests\Debug\net461\Azure.Storage.Blobs.Tests.AssemblyInfo.cs(11,1): hidden CS8019: Unnecessary using directive.
C:\gh\azure-sdk-for-net\sdk\storage\Azure.Storage.Common\tests\Shared\RecordedClientRequestIdPolicy.cs(4,1): hidden CS8019: Unnecessary using directive.
C:\gh\azure-sdk-for-net\sdk\storage\Azure.Storage.Blobs\tests\ClientSideEncryptionTests.cs(6,1): hidden CS8019: Unnecessary using directive.
C:\gh\azure-sdk-for-net\sdk\storage\Azure.Storage.Blobs\tests\ClientSideEncryptionTests.cs(17,1): hidden CS8019: Unnecessary using directive.
C:\gh\azure-sdk-for-net\sdk\storage\Azure.Storage.Blobs\tests\BlobUriBuilderTests.cs(6,1): hidden CS8019: Unnecessary using directive.
C:\gh\azure-sdk-for-net\sdk\storage\Azure.Storage.Blobs\tests\BlobSasBuilderTests.cs(7,1): hidden CS8019: Unnecessary using directive.
C:\gh\azure-sdk-for-net\sdk\storage\Azure.Storage.Blobs\tests\PageBlobClientTests.cs(8,1): hidden CS8019: Unnecessary using directive.
C:\gh\azure-sdk-for-net\sdk\storage\Azure.Storage.Blobs\tests\BlobSasBuilderTests.cs(5,1): hidden CS8019: Unnecessary using directive.
C:\gh\azure-sdk-for-net\sdk\storage\Azure.Storage.Common\tests\Shared\TenantConfiguration.cs(9,1): hidden CS8019: Unnecessary using directive.
C:\gh\azure-sdk-for-net\sdk\storage\Azure.Storage.Blobs\tests\PageBlobClientTests.cs(16,1): hidden CS8019: Unnecessary using directive.
C:\gh\azure-sdk-for-net\sdk\storage\Azure.Storage.Common\tests\Shared\StorageRecordedTestSanitizer.cs(7,1): hidden CS8019: Unnecessary using directive.
C:\gh\azure-sdk-for-net\sdk\storage\Azure.Storage.Common\tests\Shared\TenantConfiguration.cs(8,1): hidden CS8019: Unnecessary using directive.
C:\gh\azure-sdk-for-net\sdk\storage\Azure.Storage.Common\tests\Shared\StorageRecordedTestSanitizer.cs(8,1): hidden CS8019: Unnecessary using directive.
C:\gh\azure-sdk-for-net\sdk\storage\Azure.Storage.Blobs\tests\ClientSideEncryptionTests.cs(18,1): hidden CS8019: Unnecessary using directive.
C:\gh\azure-sdk-for-net\sdk\storage\Azure.Storage.Common\tests\Shared\RecordedClientRequestIdPolicy.cs(5,1): hidden CS8019: Unnecessary using directive.
C:\gh\azure-sdk-for-net\sdk\storage\Azure.Storage.Blobs\tests\BlobQuickQueryStreamTests.cs(8,1): hidden CS8019: Unnecessary using directive.
C:\gh\azure-sdk-for-net\sdk\storage\Azure.Storage.Common\tests\Shared\TestResponseClassifier.cs(4,1): hidden CS8019: Unnecessary using directive.
C:\gh\azure-sdk-for-net\sdk\storage\Azure.Storage.Blobs\tests\PageBlobClientTests.cs(20,1): hidden CS8019: Unnecessary using directive.
C:\gh\azure-sdk-for-net\sdk\storage\Azure.Storage.Common\tests\Shared\TestProgress.cs(6,1): hidden CS8019: Unnecessary using directive.
C:\gh\azure-sdk-for-net\sdk\storage\Azure.Storage.Common\tests\Shared\FaultyDownloadPipelinePolicy.cs(7,1): hidden CS8019: Unnecessary using directive.
C:\gh\azure-sdk-for-net\sdk\storage\Azure.Storage.Common\tests\Shared\TestResponseClassifier.cs(6,1): hidden CS8019: Unnecessary using directive.
C:\gh\azure-sdk-for-net\sdk\storage\Azure.Storage.Common\tests\Shared\StorageRecordedTestSanitizer.cs(9,1): hidden CS8019: Unnecessary using directive.
C:\gh\azure-sdk-for-net\artifacts\obj\Azure.Storage.Blobs.Tests\Debug\net461\.NETFramework,Version=v4.6.1.AssemblyAttributes.cs(2,1): hidden CS8019: Unnecessary using directive.
C:\gh\azure-sdk-for-net\sdk\storage\Azure.Storage.Blobs\tests\BlobUriBuilderTests.cs(8,1): hidden CS8019: Unnecessary using directive.
C:\gh\azure-sdk-for-net\sdk\storage\Azure.Storage.Common\tests\Shared\RecordedClientRequestIdPolicy.cs(7,1): hidden CS8019: Unnecessary using directive.
C:\gh\azure-sdk-for-net\sdk\storage\Azure.Storage.Common\tests\Shared\FaultyDownloadPipelinePolicy.cs(8,1): hidden CS8019: Unnecessary using directive.
C:\gh\azure-sdk-for-net\sdk\storage\Azure.Storage.Common\tests\Shared\KeyVaultConfiguration.cs(4,1): hidden CS8019: Unnecessary using directive.
C:\gh\azure-sdk-for-net\sdk\storage\Azure.Storage.Common\tests\Shared\FaultyDownloadPipelinePolicy.cs(6,1): hidden CS8019: Unnecessary using directive.
C:\gh\azure-sdk-for-net\sdk\storage\Azure.Storage.Blobs\tests\BlobClientTests.cs(16,1): hidden CS8019: Unnecessary using directive.
C:\gh\azure-sdk-for-net\sdk\storage\Azure.Storage.Blobs\tests\AssemblyInfo.cs(4,1): hidden CS8019: Unnecessary using directive.
C:\gh\azure-sdk-for-net\artifacts\obj\Azure.Storage.Blobs.Tests\Debug\net461\.NETFramework,Version=v4.6.1.AssemblyAttributes.cs(3,1): hidden CS8019: Unnecessary using directive.
C:\gh\azure-sdk-for-net\sdk\storage\Azure.Storage.Common\tests\Shared\KeyVaultConfiguration.cs(5,1): hidden CS8019: Unnecessary using directive.
C:\gh\azure-sdk-for-net\sdk\storage\Azure.Storage.Blobs\tests\BlobClientTests.cs(17,1): hidden CS8019: Unnecessary using directive.
C:\gh\azure-sdk-for-net\sdk\storage\Azure.Storage.Common\tests\Shared\TenantConfiguration.cs(5,1): hidden CS8019: Unnecessary using directive.
C:\gh\azure-sdk-for-net\artifacts\obj\Azure.Storage.Blobs.Tests\Debug\net461\Azure.Storage.Blobs.Tests.AssemblyInfo.cs(12,1): hidden CS8019: Unnecessary using directive.
C:\gh\azure-sdk-for-net\sdk\storage\Azure.Storage.Common\tests\Shared\AssemblyInfo.cs(4,1): hidden CS8019: Unnecessary using directive.
